2025-05-12 13:14:30.252 INFO  [background-preinit] o.h.validator.internal.util.Version - HV000001: Hibernate Validator 8.0.2.Final
2025-05-12 13:14:30.289 INFO  [main] b.l.a.AudioplayerApplication - Starting AudioplayerApplication using Java 23.0.2 with PID 5112 (C:\Users\lapil\IdeaProjects\audioplayer\backend\target\classes started by lapil in C:\Users\lapil\IdeaProjects\audioplayer)
2025-05-12 13:14:30.291 INFO  [main] b.l.a.AudioplayerApplication - No active profile set, falling back to 1 default profile: "default"
2025-05-12 13:14:31.525 INFO  [main] o.s.d.r.c.RepositoryConfigurationDelegate - Bootstrapping Spring Data JPA repositories in DEFAULT mode.
2025-05-12 13:14:31.586 INFO  [main] o.s.d.r.c.RepositoryConfigurationDelegate - Finished Spring Data repository scanning in 53 ms. Found 3 JPA repository interfaces.
2025-05-12 13:14:32.238 INFO  [main] o.s.b.w.e.tomcat.TomcatWebServer - Tomcat initialized with port 8080 (http)
2025-05-12 13:14:32.249 INFO  [main] o.a.coyote.http11.Http11NioProtocol - Initializing ProtocolHandler ["http-nio-8080"]
2025-05-12 13:14:32.250 INFO  [main] o.a.catalina.core.StandardService - Starting service [Tomcat]
2025-05-12 13:14:32.250 INFO  [main] o.a.catalina.core.StandardEngine - Starting Servlet engine: [Apache Tomcat/10.1.34]
2025-05-12 13:14:32.302 INFO  [main] o.a.c.c.C.[Tomcat].[localhost].[/] - Initializing Spring embedded WebApplicationContext
2025-05-12 13:14:32.302 INFO  [main] o.s.b.w.s.c.ServletWebServerApplicationContext - Root WebApplicationContext: initialization completed in 1968 ms
2025-05-12 13:14:32.589 INFO  [main] o.h.jpa.internal.util.LogHelper - HHH000204: Processing PersistenceUnitInfo [name: default]
2025-05-12 13:14:32.636 INFO  [main] org.hibernate.Version - HHH000412: Hibernate ORM core version 6.6.5.Final
2025-05-12 13:14:32.663 INFO  [main] o.h.c.i.RegionFactoryInitiator - HHH000026: Second-level cache disabled
2025-05-12 13:14:32.893 INFO  [main] o.s.o.j.p.SpringPersistenceUnitInfo - No LoadTimeWeaver setup: ignoring JPA class transformer
2025-05-12 13:14:32.919 INFO  [main] com.zaxxer.hikari.HikariDataSource - HikariPool-1 - Starting...
2025-05-12 13:14:33.079 INFO  [main] com.zaxxer.hikari.pool.HikariPool - HikariPool-1 - Added connection org.postgresql.jdbc.PgConnection@7fd3fd06
2025-05-12 13:14:33.081 INFO  [main] com.zaxxer.hikari.HikariDataSource - HikariPool-1 - Start completed.
2025-05-12 13:14:33.138 INFO  [main] o.hibernate.orm.connections.pooling - HHH10001005: Database info:
	Database JDBC URL [Connecting through datasource 'HikariDataSource (HikariPool-1)']
	Database driver: undefined/unknown
	Database version: 17.4
	Autocommit mode: undefined/unknown
	Isolation level: undefined/unknown
	Minimum pool size: undefined/unknown
	Maximum pool size: undefined/unknown
2025-05-12 13:14:33.984 INFO  [main] o.h.e.t.j.p.i.JtaPlatformInitiator - HHH000489: No JTA platform available (set 'hibernate.transaction.jta.platform' to enable JTA platform integration)
2025-05-12 13:14:34.032 WARN  [main] o.h.t.s.i.ExceptionHandlerLoggedImpl - GenerationTarget encountered exception accepting command : Error executing DDL "
    alter table if exists song 
       alter column genre set data type smallint" via JDBC [ОШИБКА: столбец "genre" нельзя автоматически привести к типу smallint
  Подсказка: Возможно, необходимо указать "USING genre::smallint".]
org.hibernate.tool.schema.spi.CommandAcceptanceException: Error executing DDL "
    alter table if exists song 
       alter column genre set data type smallint" via JDBC [ОШИБКА: столбец "genre" нельзя автоматически привести к типу smallint
  Подсказка: Возможно, необходимо указать "USING genre::smallint".]
	at org.hibernate.tool.schema.internal.exec.GenerationTargetToDatabase.accept(GenerationTargetToDatabase.java:94)
	at org.hibernate.tool.schema.internal.AbstractSchemaMigrator.applySqlString(AbstractSchemaMigrator.java:576)
	at org.hibernate.tool.schema.internal.AbstractSchemaMigrator.applySqlStrings(AbstractSchemaMigrator.java:516)
	at org.hibernate.tool.schema.internal.AbstractSchemaMigrator.migrateTable(AbstractSchemaMigrator.java:334)
	at org.hibernate.tool.schema.internal.GroupedSchemaMigratorImpl.performTablesMigration(GroupedSchemaMigratorImpl.java:84)
	at org.hibernate.tool.schema.internal.AbstractSchemaMigrator.performMigration(AbstractSchemaMigrator.java:233)
	at org.hibernate.tool.schema.internal.AbstractSchemaMigrator.doMigration(AbstractSchemaMigrator.java:112)
	at org.hibernate.tool.schema.spi.SchemaManagementToolCoordinator.performDatabaseAction(SchemaManagementToolCoordinator.java:280)
	at org.hibernate.tool.schema.spi.SchemaManagementToolCoordinator.lambda$process$5(SchemaManagementToolCoordinator.java:144)
	at java.base/java.util.HashMap.forEach(HashMap.java:1430)
	at org.hibernate.tool.schema.spi.SchemaManagementToolCoordinator.process(SchemaManagementToolCoordinator.java:141)
	at org.hibernate.boot.internal.SessionFactoryObserverForSchemaExport.sessionFactoryCreated(SessionFactoryObserverForSchemaExport.java:37)
	at org.hibernate.internal.SessionFactoryObserverChain.sessionFactoryCreated(SessionFactoryObserverChain.java:35)
	at org.hibernate.internal.SessionFactoryImpl.<init>(SessionFactoryImpl.java:324)
	at org.hibernate.boot.internal.SessionFactoryBuilderImpl.build(SessionFactoryBuilderImpl.java:463)
	at org.hibernate.jpa.boot.internal.EntityManagerFactoryBuilderImpl.build(EntityManagerFactoryBuilderImpl.java:1506)
	at org.springframework.orm.jpa.vendor.SpringHibernateJpaPersistenceProvider.createContainerEntityManagerFactory(SpringHibernateJpaPersistenceProvider.java:66)
	at org.springframework.orm.jpa.LocalContainerEntityManagerFactoryBean.createNativeEntityManagerFactory(LocalContainerEntityManagerFactoryBean.java:390)
	at org.springframework.orm.jpa.AbstractEntityManagerFactoryBean.buildNativeEntityManagerFactory(AbstractEntityManagerFactoryBean.java:419)
	at org.springframework.orm.jpa.AbstractEntityManagerFactoryBean.afterPropertiesSet(AbstractEntityManagerFactoryBean.java:400)
	at org.springframework.orm.jpa.LocalContainerEntityManagerFactoryBean.afterPropertiesSet(LocalContainerEntityManagerFactoryBean.java:366)
	at org.springframework.beans.factory.support.AbstractAutowireCapableBeanFactory.invokeInitMethods(AbstractAutowireCapableBeanFactory.java:1859)
	at org.springframework.beans.factory.support.AbstractAutowireCapableBeanFactory.initializeBean(AbstractAutowireCapableBeanFactory.java:1808)
	at org.springframework.beans.factory.support.AbstractAutowireCapableBeanFactory.doCreateBean(AbstractAutowireCapableBeanFactory.java:601)
	at org.springframework.beans.factory.support.AbstractAutowireCapableBeanFactory.createBean(AbstractAutowireCapableBeanFactory.java:523)
	at org.springframework.beans.factory.support.AbstractBeanFactory.lambda$doGetBean$0(AbstractBeanFactory.java:336)
	at org.springframework.beans.factory.support.DefaultSingletonBeanRegistry.getSingleton(DefaultSingletonBeanRegistry.java:307)
	at org.springframework.beans.factory.support.AbstractBeanFactory.doGetBean(AbstractBeanFactory.java:334)
	at org.springframework.beans.factory.support.AbstractBeanFactory.getBean(AbstractBeanFactory.java:204)
	at org.springframework.context.support.AbstractApplicationContext.finishBeanFactoryInitialization(AbstractApplicationContext.java:970)
	at org.springframework.context.support.AbstractApplicationContext.refresh(AbstractApplicationContext.java:627)
	at org.springframework.boot.web.servlet.context.ServletWebServerApplicationContext.refresh(ServletWebServerApplicationContext.java:146)
	at org.springframework.boot.SpringApplication.refresh(SpringApplication.java:752)
	at org.springframework.boot.SpringApplication.refreshContext(SpringApplication.java:439)
	at org.springframework.boot.SpringApplication.run(SpringApplication.java:318)
	at org.springframework.boot.SpringApplication.run(SpringApplication.java:1361)
	at org.springframework.boot.SpringApplication.run(SpringApplication.java:1350)
	at by.lapil.audioplayer.AudioplayerApplication.main(AudioplayerApplication.java:11)
Caused by: org.postgresql.util.PSQLException: ОШИБКА: столбец "genre" нельзя автоматически привести к типу smallint
  Подсказка: Возможно, необходимо указать "USING genre::smallint".
	at org.postgresql.core.v3.QueryExecutorImpl.receiveErrorResponse(QueryExecutorImpl.java:2733)
	at org.postgresql.core.v3.QueryExecutorImpl.processResults(QueryExecutorImpl.java:2420)
	at org.postgresql.core.v3.QueryExecutorImpl.execute(QueryExecutorImpl.java:372)
	at org.postgresql.jdbc.PgStatement.executeInternal(PgStatement.java:517)
	at org.postgresql.jdbc.PgStatement.execute(PgStatement.java:434)
	at org.postgresql.jdbc.PgStatement.executeWithFlags(PgStatement.java:356)
	at org.postgresql.jdbc.PgStatement.executeCachedSql(PgStatement.java:341)
	at org.postgresql.jdbc.PgStatement.executeWithFlags(PgStatement.java:317)
	at org.postgresql.jdbc.PgStatement.execute(PgStatement.java:312)
	at com.zaxxer.hikari.pool.ProxyStatement.execute(ProxyStatement.java:94)
	at com.zaxxer.hikari.pool.HikariProxyStatement.execute(HikariProxyStatement.java)
	at org.hibernate.tool.schema.internal.exec.GenerationTargetToDatabase.accept(GenerationTargetToDatabase.java:80)
	... 37 common frames omitted
2025-05-12 13:14:34.225 INFO  [main] o.s.o.j.LocalContainerEntityManagerFactoryBean - Initialized JPA EntityManagerFactory for persistence unit 'default'
2025-05-12 13:14:34.558 INFO  [main] o.s.d.j.r.query.QueryEnhancerFactory - Hibernate is in classpath; If applicable, HQL parser will be used.
2025-05-12 13:14:35.376 WARN  [main] o.s.b.a.o.j.JpaBaseConfiguration$JpaWebConfiguration - spring.jpa.open-in-view is enabled by default. Therefore, database queries may be performed during view rendering. Explicitly configure spring.jpa.open-in-view to disable this warning
2025-05-12 13:14:35.416 INFO  [main] o.s.b.a.w.s.WelcomePageHandlerMapping - Adding welcome page: class path resource [static/index.html]
2025-05-12 13:14:36.205 INFO  [main] o.s.b.a.e.web.EndpointLinksResolver - Exposing 1 endpoint beneath base path '/actuator'
2025-05-12 13:14:36.267 INFO  [main] o.a.coyote.http11.Http11NioProtocol - Starting ProtocolHandler ["http-nio-8080"]
2025-05-12 13:14:36.287 INFO  [main] o.s.b.w.e.tomcat.TomcatWebServer - Tomcat started on port 8080 (http) with context path '/'
2025-05-12 13:14:36.297 INFO  [main] b.l.a.AudioplayerApplication - Started AudioplayerApplication in 6.297 seconds (process running for 8.234)
2025-05-12 13:14:36.629 INFO  [RMI TCP Connection(4)-192.168.56.1] o.a.c.c.C.[Tomcat].[localhost].[/] - Initializing Spring DispatcherServlet 'dispatcherServlet'
2025-05-12 13:14:36.629 INFO  [RMI TCP Connection(4)-192.168.56.1] o.s.web.servlet.DispatcherServlet - Initializing Servlet 'dispatcherServlet'
2025-05-12 13:14:36.631 INFO  [RMI TCP Connection(4)-192.168.56.1] o.s.web.servlet.DispatcherServlet - Completed initialization in 2 ms
2025-05-12 13:17:08.568 INFO  [http-nio-8080-exec-1] b.l.a.service.impl.SongServiceImpl - Finding all songs
2025-05-12 13:17:08.721 INFO  [http-nio-8080-exec-3] b.l.a.service.impl.SongServiceImpl - Finding all songs
2025-05-12 13:17:37.770 INFO  [http-nio-8080-exec-5] b.l.a.service.impl.SongServiceImpl - Finding all songs
2025-05-12 13:17:37.784 INFO  [http-nio-8080-exec-4] b.l.a.service.impl.SongServiceImpl - Finding all songs
2025-05-12 13:20:24.255 INFO  [http-nio-8080-exec-2] b.l.a.service.impl.SongServiceImpl - Finding all songs
2025-05-12 13:20:24.271 INFO  [http-nio-8080-exec-6] b.l.a.service.impl.SongServiceImpl - Finding all songs
2025-05-12 13:20:49.038 INFO  [http-nio-8080-exec-8] b.l.a.service.impl.SongServiceImpl - Finding all songs
2025-05-12 13:22:25.125 INFO  [http-nio-8080-exec-1] b.l.a.service.impl.SongServiceImpl - Finding all songs
2025-05-12 13:22:25.141 INFO  [http-nio-8080-exec-3] b.l.a.service.impl.SongServiceImpl - Finding all songs
2025-05-12 13:22:25.489 INFO  [http-nio-8080-exec-5] b.l.a.service.impl.SongServiceImpl - Finding all songs
2025-05-12 13:22:25.502 INFO  [http-nio-8080-exec-4] b.l.a.service.impl.SongServiceImpl - Finding all songs
2025-05-12 13:23:43.884 INFO  [http-nio-8080-exec-2] b.l.a.service.impl.SongServiceImpl - Finding all songs
2025-05-12 13:23:43.900 INFO  [http-nio-8080-exec-6] b.l.a.service.impl.SongServiceImpl - Finding all songs
2025-05-12 13:23:56.534 INFO  [http-nio-8080-exec-7] b.l.a.service.impl.SongServiceImpl - Finding all songs
2025-05-12 13:23:57.114 INFO  [http-nio-8080-exec-8] b.l.a.service.impl.SongServiceImpl - Finding all songs
2025-05-12 13:23:57.127 INFO  [http-nio-8080-exec-9] b.l.a.service.impl.SongServiceImpl - Finding all songs
2025-05-12 13:23:57.345 INFO  [http-nio-8080-exec-10] b.l.a.service.impl.SongServiceImpl - Finding all songs
2025-05-12 13:23:59.007 INFO  [http-nio-8080-exec-3] b.l.a.service.impl.SongServiceImpl - Finding all songs
2025-05-12 13:23:59.178 INFO  [http-nio-8080-exec-5] b.l.a.service.impl.SongServiceImpl - Finding all songs
2025-05-12 13:24:06.427 INFO  [http-nio-8080-exec-4] b.l.a.service.impl.SongServiceImpl - Finding all songs
2025-05-12 13:24:07.348 INFO  [http-nio-8080-exec-2] b.l.a.service.impl.SongServiceImpl - Finding all songs
2025-05-12 13:24:07.357 INFO  [http-nio-8080-exec-6] b.l.a.service.impl.SongServiceImpl - Finding all songs
2025-05-12 13:24:13.554 INFO  [http-nio-8080-exec-7] b.l.a.service.impl.SongServiceImpl - Finding all songs
2025-05-12 13:24:14.346 INFO  [http-nio-8080-exec-8] b.l.a.service.impl.SongServiceImpl - Finding all songs
2025-05-12 13:24:14.670 INFO  [http-nio-8080-exec-9] b.l.a.service.impl.SongServiceImpl - Finding all songs
2025-05-12 13:24:24.190 INFO  [http-nio-8080-exec-10] b.l.a.service.impl.SongServiceImpl - Finding all songs
2025-05-12 13:24:24.456 INFO  [http-nio-8080-exec-1] b.l.a.service.impl.SongServiceImpl - Finding all songs
2025-05-12 13:24:24.657 INFO  [http-nio-8080-exec-3] b.l.a.service.impl.SongServiceImpl - Finding all songs
2025-05-12 13:24:41.272 INFO  [http-nio-8080-exec-5] b.l.a.service.impl.SongServiceImpl - Finding all songs
2025-05-12 13:24:41.540 INFO  [http-nio-8080-exec-4] b.l.a.service.impl.SongServiceImpl - Finding all songs
2025-05-12 13:24:41.663 INFO  [http-nio-8080-exec-2] b.l.a.service.impl.SongServiceImpl - Finding all songs
2025-05-12 13:26:00.873 INFO  [http-nio-8080-exec-6] b.l.a.service.impl.SongServiceImpl - Finding all songs
2025-05-12 13:26:01.349 INFO  [http-nio-8080-exec-7] b.l.a.service.impl.SongServiceImpl - Finding all songs
2025-05-12 13:26:01.361 INFO  [http-nio-8080-exec-8] b.l.a.service.impl.SongServiceImpl - Finding all songs
2025-05-12 13:26:09.481 INFO  [http-nio-8080-exec-9] b.l.a.service.impl.SongServiceImpl - Finding all songs
2025-05-12 13:26:10.345 INFO  [http-nio-8080-exec-10] b.l.a.service.impl.SongServiceImpl - Finding all songs
2025-05-12 13:26:10.667 INFO  [http-nio-8080-exec-1] b.l.a.service.impl.SongServiceImpl - Finding all songs
2025-05-12 13:26:36.193 INFO  [http-nio-8080-exec-3] b.l.a.service.impl.SongServiceImpl - Finding all songs
2025-05-12 13:26:36.463 INFO  [http-nio-8080-exec-5] b.l.a.service.impl.SongServiceImpl - Finding all songs
2025-05-12 13:26:36.474 INFO  [http-nio-8080-exec-4] b.l.a.service.impl.SongServiceImpl - Finding all songs
2025-05-12 18:57:06.566 WARN  [HikariPool-1 housekeeper] com.zaxxer.hikari.pool.HikariPool - HikariPool-1 - Thread starvation or clock leap detected (housekeeper delta=5h11m2s887ms807µs800ns).
2025-05-12 21:46:21.765 INFO  [http-nio-8080-exec-2] b.l.a.service.impl.SongServiceImpl - Finding all songs
2025-05-12 21:46:22.342 WARN  [http-nio-8080-exec-2] o.h.e.jdbc.spi.SqlExceptionHelper - SQL Warning Code: 0, SQLState: 01000
2025-05-12 21:46:22.344 WARN  [http-nio-8080-exec-2] o.h.e.jdbc.spi.SqlExceptionHelper - несовпадение версии для правила сортировки в базе данных "audio"
2025-05-12 21:46:22.380 INFO  [http-nio-8080-exec-6] b.l.a.service.impl.SongServiceImpl - Finding all songs
2025-05-12 22:39:13.380 INFO  [http-nio-8080-exec-2] b.l.a.service.impl.SongServiceImpl - Finding all songs
2025-05-12 22:39:13.406 WARN  [http-nio-8080-exec-2] o.h.e.jdbc.spi.SqlExceptionHelper - SQL Warning Code: 0, SQLState: 01000
2025-05-12 22:39:13.406 WARN  [http-nio-8080-exec-2] o.h.e.jdbc.spi.SqlExceptionHelper - несовпадение версии для правила сортировки в базе данных "audio"
2025-05-12 22:39:13.583 INFO  [http-nio-8080-exec-6] b.l.a.service.impl.SongServiceImpl - Finding all songs
2025-05-12 22:46:30.259 INFO  [http-nio-8080-exec-7] b.l.a.service.impl.SongServiceImpl - Finding all songs
2025-05-12 22:46:30.274 INFO  [http-nio-8080-exec-8] b.l.a.service.impl.SongServiceImpl - Finding all songs
2025-05-12 22:46:30.981 INFO  [http-nio-8080-exec-9] b.l.a.service.impl.SongServiceImpl - Finding all songs
2025-05-12 22:46:31.153 INFO  [http-nio-8080-exec-10] b.l.a.service.impl.SongServiceImpl - Finding all songs
2025-05-12 22:46:34.179 INFO  [http-nio-8080-exec-1] b.l.a.service.impl.SongServiceImpl - Finding all songs
2025-05-12 22:46:34.194 INFO  [http-nio-8080-exec-3] b.l.a.service.impl.SongServiceImpl - Finding all songs
2025-05-12 22:46:34.608 INFO  [http-nio-8080-exec-5] b.l.a.service.impl.SongServiceImpl - Finding all songs
2025-05-12 22:46:34.866 INFO  [http-nio-8080-exec-4] b.l.a.service.impl.SongServiceImpl - Finding all songs
2025-05-12 22:46:35.056 INFO  [http-nio-8080-exec-2] b.l.a.service.impl.SongServiceImpl - Finding all songs
2025-05-12 22:46:35.067 INFO  [http-nio-8080-exec-6] b.l.a.service.impl.SongServiceImpl - Finding all songs
2025-05-12 22:46:35.731 INFO  [http-nio-8080-exec-7] b.l.a.service.impl.SongServiceImpl - Finding all songs
2025-05-12 22:46:35.747 INFO  [http-nio-8080-exec-8] b.l.a.service.impl.SongServiceImpl - Finding all songs
2025-05-12 22:46:36.727 INFO  [http-nio-8080-exec-9] b.l.a.service.impl.SongServiceImpl - Finding all songs
2025-05-12 22:46:36.985 INFO  [http-nio-8080-exec-10] b.l.a.service.impl.SongServiceImpl - Finding all songs
2025-05-12 22:46:37.325 INFO  [http-nio-8080-exec-1] b.l.a.service.impl.SongServiceImpl - Finding all songs
2025-05-12 22:46:37.336 INFO  [http-nio-8080-exec-3] b.l.a.service.impl.SongServiceImpl - Finding all songs
2025-05-12 22:47:05.261 INFO  [http-nio-8080-exec-5] b.l.a.service.impl.SongServiceImpl - Finding all songs
2025-05-12 22:47:05.271 INFO  [http-nio-8080-exec-4] b.l.a.service.impl.SongServiceImpl - Finding all songs
2025-05-12 22:49:20.466 INFO  [http-nio-8080-exec-2] b.l.a.service.impl.SongServiceImpl - Finding all songs
2025-05-12 22:49:20.475 INFO  [http-nio-8080-exec-6] b.l.a.service.impl.SongServiceImpl - Finding all songs
2025-05-12 22:49:20.918 INFO  [http-nio-8080-exec-7] b.l.a.service.impl.SongServiceImpl - Finding all songs
2025-05-12 22:49:21.158 INFO  [http-nio-8080-exec-8] b.l.a.service.impl.SongServiceImpl - Finding all songs
2025-05-12 22:49:21.291 INFO  [http-nio-8080-exec-9] b.l.a.service.impl.SongServiceImpl - Finding all songs
2025-05-12 22:49:21.534 INFO  [http-nio-8080-exec-10] b.l.a.service.impl.SongServiceImpl - Finding all songs
2025-05-12 22:49:21.606 INFO  [http-nio-8080-exec-1] b.l.a.service.impl.SongServiceImpl - Finding all songs
2025-05-12 22:49:21.619 INFO  [http-nio-8080-exec-3] b.l.a.service.impl.SongServiceImpl - Finding all songs
2025-05-12 22:49:21.677 INFO  [http-nio-8080-exec-5] b.l.a.service.impl.SongServiceImpl - Finding all songs
2025-05-12 22:49:21.687 INFO  [http-nio-8080-exec-4] b.l.a.service.impl.SongServiceImpl - Finding all songs
2025-05-12 22:49:21.878 INFO  [http-nio-8080-exec-2] b.l.a.service.impl.SongServiceImpl - Finding all songs
2025-05-12 22:49:21.888 INFO  [http-nio-8080-exec-6] b.l.a.service.impl.SongServiceImpl - Finding all songs
2025-05-12 22:49:22.079 INFO  [http-nio-8080-exec-7] b.l.a.service.impl.SongServiceImpl - Finding all songs
2025-05-12 22:49:22.191 INFO  [http-nio-8080-exec-8] b.l.a.service.impl.SongServiceImpl - Finding all songs
2025-05-12 22:49:22.261 INFO  [http-nio-8080-exec-9] b.l.a.service.impl.SongServiceImpl - Finding all songs
2025-05-12 22:49:22.335 INFO  [http-nio-8080-exec-10] b.l.a.service.impl.SongServiceImpl - Finding all songs
2025-05-12 22:49:22.471 INFO  [http-nio-8080-exec-1] b.l.a.service.impl.SongServiceImpl - Finding all songs
2025-05-12 22:49:22.482 INFO  [http-nio-8080-exec-3] b.l.a.service.impl.SongServiceImpl - Finding all songs
2025-05-12 22:49:23.088 INFO  [http-nio-8080-exec-5] b.l.a.service.impl.SongServiceImpl - Finding all songs
2025-05-12 22:49:23.098 INFO  [http-nio-8080-exec-4] b.l.a.service.impl.SongServiceImpl - Finding all songs
2025-05-12 22:49:23.649 INFO  [http-nio-8080-exec-2] b.l.a.service.impl.SongServiceImpl - Finding all songs
2025-05-12 22:49:23.902 INFO  [http-nio-8080-exec-6] b.l.a.service.impl.SongServiceImpl - Finding all songs
2025-05-12 22:49:24.194 INFO  [http-nio-8080-exec-7] b.l.a.service.impl.SongServiceImpl - Finding all songs
2025-05-12 22:49:24.204 INFO  [http-nio-8080-exec-8] b.l.a.service.impl.SongServiceImpl - Finding all songs
2025-05-12 22:49:24.760 INFO  [http-nio-8080-exec-9] b.l.a.service.impl.SongServiceImpl - Finding all songs
2025-05-12 22:49:24.772 INFO  [http-nio-8080-exec-10] b.l.a.service.impl.SongServiceImpl - Finding all songs
2025-05-12 22:49:25.312 INFO  [http-nio-8080-exec-1] b.l.a.service.impl.SongServiceImpl - Finding all songs
2025-05-12 22:49:25.324 INFO  [http-nio-8080-exec-3] b.l.a.service.impl.SongServiceImpl - Finding all songs
2025-05-12 22:49:25.886 INFO  [http-nio-8080-exec-5] b.l.a.service.impl.SongServiceImpl - Finding all songs
2025-05-12 22:49:25.896 INFO  [http-nio-8080-exec-4] b.l.a.service.impl.SongServiceImpl - Finding all songs
2025-05-12 22:49:26.377 INFO  [http-nio-8080-exec-2] b.l.a.service.impl.SongServiceImpl - Finding all songs
2025-05-12 22:49:26.388 INFO  [http-nio-8080-exec-6] b.l.a.service.impl.SongServiceImpl - Finding all songs
2025-05-12 22:49:26.845 INFO  [http-nio-8080-exec-7] b.l.a.service.impl.SongServiceImpl - Finding all songs
2025-05-12 22:49:26.857 INFO  [http-nio-8080-exec-8] b.l.a.service.impl.SongServiceImpl - Finding all songs
2025-05-12 22:49:27.271 INFO  [http-nio-8080-exec-9] b.l.a.service.impl.SongServiceImpl - Finding all songs
2025-05-12 22:49:27.282 INFO  [http-nio-8080-exec-10] b.l.a.service.impl.SongServiceImpl - Finding all songs
2025-05-12 22:49:27.646 INFO  [http-nio-8080-exec-1] b.l.a.service.impl.SongServiceImpl - Finding all songs
2025-05-12 22:49:27.656 INFO  [http-nio-8080-exec-3] b.l.a.service.impl.SongServiceImpl - Finding all songs
2025-05-12 22:49:27.993 INFO  [http-nio-8080-exec-5] b.l.a.service.impl.SongServiceImpl - Finding all songs
2025-05-12 22:49:28.005 INFO  [http-nio-8080-exec-4] b.l.a.service.impl.SongServiceImpl - Finding all songs
2025-05-12 22:49:28.119 INFO  [http-nio-8080-exec-2] b.l.a.service.impl.SongServiceImpl - Finding all songs
2025-05-12 22:49:28.132 INFO  [http-nio-8080-exec-6] b.l.a.service.impl.SongServiceImpl - Finding all songs
2025-05-12 22:49:28.517 INFO  [http-nio-8080-exec-7] b.l.a.service.impl.SongServiceImpl - Finding all songs
2025-05-12 22:49:28.534 INFO  [http-nio-8080-exec-8] b.l.a.service.impl.SongServiceImpl - Finding all songs
2025-05-12 22:49:29.024 INFO  [http-nio-8080-exec-9] b.l.a.service.impl.SongServiceImpl - Finding all songs
2025-05-12 22:49:29.282 INFO  [http-nio-8080-exec-10] b.l.a.service.impl.SongServiceImpl - Finding all songs
2025-05-12 22:49:29.535 INFO  [http-nio-8080-exec-1] b.l.a.service.impl.SongServiceImpl - Finding all songs
2025-05-12 22:49:29.544 INFO  [http-nio-8080-exec-3] b.l.a.service.impl.SongServiceImpl - Finding all songs
2025-05-12 22:49:30.054 INFO  [http-nio-8080-exec-5] b.l.a.service.impl.SongServiceImpl - Finding all songs
2025-05-12 22:49:30.064 INFO  [http-nio-8080-exec-4] b.l.a.service.impl.SongServiceImpl - Finding all songs
2025-05-12 22:53:13.309 INFO  [http-nio-8080-exec-2] b.l.a.service.impl.SongServiceImpl - Finding all songs
2025-05-12 22:53:13.321 WARN  [http-nio-8080-exec-2] o.h.e.jdbc.spi.SqlExceptionHelper - SQL Warning Code: 0, SQLState: 01000
2025-05-12 22:53:13.322 WARN  [http-nio-8080-exec-2] o.h.e.jdbc.spi.SqlExceptionHelper - несовпадение версии для правила сортировки в базе данных "audio"
2025-05-12 22:53:13.328 INFO  [http-nio-8080-exec-6] b.l.a.service.impl.SongServiceImpl - Finding all songs
2025-05-12 22:53:15.963 INFO  [http-nio-8080-exec-7] b.l.a.service.impl.SongServiceImpl - Finding all songs
2025-05-12 22:53:15.972 INFO  [http-nio-8080-exec-8] b.l.a.service.impl.SongServiceImpl - Finding all songs
2025-05-12 22:53:24.967 INFO  [http-nio-8080-exec-9] b.l.a.service.impl.SongServiceImpl - Finding all songs
2025-05-12 22:53:24.978 INFO  [http-nio-8080-exec-10] b.l.a.service.impl.SongServiceImpl - Finding all songs
2025-05-12 22:56:44.001 INFO  [http-nio-8080-exec-1] b.l.a.service.impl.SongServiceImpl - Finding all songs
2025-05-12 22:56:44.012 WARN  [http-nio-8080-exec-1] o.h.e.jdbc.spi.SqlExceptionHelper - SQL Warning Code: 0, SQLState: 01000
2025-05-12 22:56:44.013 WARN  [http-nio-8080-exec-1] o.h.e.jdbc.spi.SqlExceptionHelper - несовпадение версии для правила сортировки в базе данных "audio"
2025-05-12 22:56:44.114 INFO  [http-nio-8080-exec-3] b.l.a.service.impl.SongServiceImpl - Finding all songs
2025-05-12 22:56:44.347 INFO  [http-nio-8080-exec-5] b.l.a.service.impl.SongServiceImpl - Finding all songs
2025-05-12 22:56:44.356 INFO  [http-nio-8080-exec-4] b.l.a.service.impl.SongServiceImpl - Finding all songs
2025-05-12 22:56:46.067 INFO  [http-nio-8080-exec-2] b.l.a.service.impl.SongServiceImpl - Finding all songs
2025-05-12 22:56:46.289 INFO  [http-nio-8080-exec-6] b.l.a.service.impl.SongServiceImpl - Finding all songs
2025-05-12 22:57:00.997 INFO  [http-nio-8080-exec-7] b.l.a.service.impl.SongServiceImpl - Finding all songs
2025-05-12 22:57:01.319 INFO  [http-nio-8080-exec-8] b.l.a.service.impl.SongServiceImpl - Finding all songs
2025-05-12 22:57:01.343 INFO  [http-nio-8080-exec-9] b.l.a.service.impl.SongServiceImpl - Finding all songs
2025-05-12 22:57:01.492 INFO  [http-nio-8080-exec-10] b.l.a.service.impl.SongServiceImpl - Finding all songs
2025-05-12 22:57:02.070 INFO  [http-nio-8080-exec-1] b.l.a.service.impl.SongServiceImpl - Finding all songs
2025-05-12 22:57:02.194 INFO  [http-nio-8080-exec-3] b.l.a.service.impl.SongServiceImpl - Finding all songs
2025-05-12 22:57:40.131 INFO  [http-nio-8080-exec-5] b.l.a.service.impl.SongServiceImpl - Finding all songs
2025-05-12 22:57:40.225 INFO  [http-nio-8080-exec-4] b.l.a.service.impl.SongServiceImpl - Finding all songs
2025-05-12 22:57:40.351 INFO  [http-nio-8080-exec-2] b.l.a.service.impl.SongServiceImpl - Finding all songs
2025-05-12 22:57:40.667 INFO  [http-nio-8080-exec-6] b.l.a.service.impl.SongServiceImpl - Finding all songs
2025-05-12 22:57:47.064 INFO  [http-nio-8080-exec-7] b.l.a.service.impl.SongServiceImpl - Finding all songs
2025-05-12 22:57:47.349 INFO  [http-nio-8080-exec-8] b.l.a.service.impl.SongServiceImpl - Finding all songs
2025-05-12 22:57:47.389 INFO  [http-nio-8080-exec-9] b.l.a.service.impl.SongServiceImpl - Finding all songs
2025-05-12 22:57:47.664 INFO  [http-nio-8080-exec-10] b.l.a.service.impl.SongServiceImpl - Finding all songs
2025-05-12 22:57:48.018 INFO  [http-nio-8080-exec-1] b.l.a.service.impl.SongServiceImpl - Finding all songs
2025-05-12 22:57:48.148 INFO  [http-nio-8080-exec-3] b.l.a.service.impl.SongServiceImpl - Finding all songs
2025-05-12 22:57:48.604 INFO  [http-nio-8080-exec-5] b.l.a.service.impl.SongServiceImpl - Finding all songs
2025-05-12 22:57:48.638 INFO  [http-nio-8080-exec-4] b.l.a.service.impl.SongServiceImpl - Finding all songs
2025-05-12 22:57:49.117 INFO  [http-nio-8080-exec-2] b.l.a.service.impl.SongServiceImpl - Finding all songs
2025-05-12 22:57:49.129 INFO  [http-nio-8080-exec-6] b.l.a.service.impl.SongServiceImpl - Finding all songs
2025-05-12 22:57:49.677 INFO  [http-nio-8080-exec-7] b.l.a.service.impl.SongServiceImpl - Finding all songs
2025-05-12 22:57:49.922 INFO  [http-nio-8080-exec-8] b.l.a.service.impl.SongServiceImpl - Finding all songs
2025-05-12 22:57:50.161 INFO  [http-nio-8080-exec-9] b.l.a.service.impl.SongServiceImpl - Finding all songs
2025-05-12 22:57:50.174 INFO  [http-nio-8080-exec-10] b.l.a.service.impl.SongServiceImpl - Finding all songs
2025-05-12 22:58:40.246 INFO  [http-nio-8080-exec-1] b.l.a.service.impl.SongServiceImpl - Finding all songs
2025-05-12 22:58:40.258 INFO  [http-nio-8080-exec-3] b.l.a.service.impl.SongServiceImpl - Finding all songs
2025-05-12 22:58:40.359 INFO  [http-nio-8080-exec-5] b.l.a.service.impl.SongServiceImpl - Finding all songs
2025-05-12 22:58:40.371 INFO  [http-nio-8080-exec-4] b.l.a.service.impl.SongServiceImpl - Finding all songs
2025-05-12 22:58:41.292 INFO  [http-nio-8080-exec-2] b.l.a.service.impl.SongServiceImpl - Finding all songs
2025-05-12 22:58:41.308 INFO  [http-nio-8080-exec-6] b.l.a.service.impl.SongServiceImpl - Finding all songs
2025-05-12 22:58:51.168 INFO  [http-nio-8080-exec-7] b.l.a.service.impl.SongServiceImpl - Finding all songs
2025-05-12 22:58:51.337 INFO  [http-nio-8080-exec-8] b.l.a.service.impl.SongServiceImpl - Finding all songs
2025-05-12 22:58:51.377 INFO  [http-nio-8080-exec-9] b.l.a.service.impl.SongServiceImpl - Finding all songs
2025-05-12 22:58:51.657 INFO  [http-nio-8080-exec-10] b.l.a.service.impl.SongServiceImpl - Finding all songs
2025-05-12 22:58:51.745 INFO  [http-nio-8080-exec-1] b.l.a.service.impl.SongServiceImpl - Finding all songs
2025-05-12 22:58:51.862 INFO  [http-nio-8080-exec-3] b.l.a.service.impl.SongServiceImpl - Finding all songs
2025-05-12 22:58:52.233 INFO  [http-nio-8080-exec-5] b.l.a.service.impl.SongServiceImpl - Finding all songs
2025-05-12 22:58:52.359 INFO  [http-nio-8080-exec-4] b.l.a.service.impl.SongServiceImpl - Finding all songs
2025-05-12 22:58:52.859 INFO  [http-nio-8080-exec-2] b.l.a.service.impl.SongServiceImpl - Finding all songs
2025-05-12 22:58:52.869 INFO  [http-nio-8080-exec-6] b.l.a.service.impl.SongServiceImpl - Finding all songs
2025-05-12 23:00:26.588 INFO  [http-nio-8080-exec-7] b.l.a.service.impl.SongServiceImpl - Finding all songs
2025-05-12 23:00:26.599 INFO  [http-nio-8080-exec-8] b.l.a.service.impl.SongServiceImpl - Finding all songs
2025-05-12 23:00:26.611 INFO  [http-nio-8080-exec-9] b.l.a.service.impl.SongServiceImpl - Finding all songs
2025-05-12 23:00:26.622 INFO  [http-nio-8080-exec-10] b.l.a.service.impl.SongServiceImpl - Finding all songs
2025-05-12 23:00:39.162 INFO  [http-nio-8080-exec-1] b.l.a.service.impl.SongServiceImpl - Finding all songs
2025-05-12 23:00:39.217 INFO  [http-nio-8080-exec-3] b.l.a.service.impl.SongServiceImpl - Finding all songs
2025-05-12 23:00:39.459 INFO  [http-nio-8080-exec-5] b.l.a.service.impl.SongServiceImpl - Finding all songs
2025-05-12 23:00:39.470 INFO  [http-nio-8080-exec-4] b.l.a.service.impl.SongServiceImpl - Finding all songs
2025-05-12 23:03:25.089 INFO  [http-nio-8080-exec-2] b.l.a.service.impl.SongServiceImpl - Finding all songs
2025-05-12 23:03:25.091 INFO  [http-nio-8080-exec-6] b.l.a.service.impl.SongServiceImpl - Finding all songs
2025-05-12 23:03:25.104 INFO  [http-nio-8080-exec-7] b.l.a.service.impl.SongServiceImpl - Finding all songs
2025-05-12 23:03:25.106 WARN  [http-nio-8080-exec-6] o.h.e.jdbc.spi.SqlExceptionHelper - SQL Warning Code: 0, SQLState: 01000
2025-05-12 23:03:25.106 WARN  [http-nio-8080-exec-6] o.h.e.jdbc.spi.SqlExceptionHelper - несовпадение версии для правила сортировки в базе данных "audio"
2025-05-12 23:03:25.114 INFO  [http-nio-8080-exec-8] b.l.a.service.impl.SongServiceImpl - Finding all songs
2025-05-12 23:03:48.406 INFO  [http-nio-8080-exec-9] b.l.a.service.impl.SongServiceImpl - Finding all songs
2025-05-12 23:03:48.422 INFO  [http-nio-8080-exec-10] b.l.a.service.impl.SongServiceImpl - Finding all songs
2025-05-12 23:03:48.437 INFO  [http-nio-8080-exec-1] b.l.a.service.impl.SongServiceImpl - Finding all songs
2025-05-12 23:03:48.452 INFO  [http-nio-8080-exec-3] b.l.a.service.impl.SongServiceImpl - Finding all songs
2025-05-12 23:03:50.169 INFO  [http-nio-8080-exec-5] b.l.a.service.impl.SongServiceImpl - Finding all songs
2025-05-12 23:03:50.180 INFO  [http-nio-8080-exec-4] b.l.a.service.impl.SongServiceImpl - Finding all songs
2025-05-12 23:03:50.875 INFO  [http-nio-8080-exec-2] b.l.a.service.impl.SongServiceImpl - Finding all songs
2025-05-12 23:03:50.887 INFO  [http-nio-8080-exec-6] b.l.a.service.impl.SongServiceImpl - Finding all songs
2025-05-12 23:03:51.351 INFO  [http-nio-8080-exec-7] b.l.a.service.impl.SongServiceImpl - Finding all songs
2025-05-12 23:03:51.362 INFO  [http-nio-8080-exec-8] b.l.a.service.impl.SongServiceImpl - Finding all songs
2025-05-12 23:04:04.065 INFO  [http-nio-8080-exec-9] b.l.a.service.impl.SongServiceImpl - Finding all songs
2025-05-12 23:04:04.076 INFO  [http-nio-8080-exec-10] b.l.a.service.impl.SongServiceImpl - Finding all songs
2025-05-12 23:04:04.095 INFO  [http-nio-8080-exec-1] b.l.a.service.impl.SongServiceImpl - Finding all songs
2025-05-12 23:04:04.105 INFO  [http-nio-8080-exec-3] b.l.a.service.impl.SongServiceImpl - Finding all songs
2025-05-12 23:04:39.173 INFO  [http-nio-8080-exec-5] b.l.a.service.impl.SongServiceImpl - Finding all songs
2025-05-12 23:04:39.189 INFO  [http-nio-8080-exec-4] b.l.a.service.impl.SongServiceImpl - Finding all songs
2025-05-12 23:04:39.211 INFO  [http-nio-8080-exec-2] b.l.a.service.impl.SongServiceImpl - Finding all songs
2025-05-12 23:04:39.225 INFO  [http-nio-8080-exec-6] b.l.a.service.impl.SongServiceImpl - Finding all songs
2025-05-12 23:04:45.828 INFO  [http-nio-8080-exec-7] b.l.a.service.impl.SongServiceImpl - Finding all songs
2025-05-12 23:04:45.845 INFO  [http-nio-8080-exec-8] b.l.a.service.impl.SongServiceImpl - Finding all songs
2025-05-12 23:04:46.032 INFO  [http-nio-8080-exec-9] b.l.a.service.impl.SongServiceImpl - Finding all songs
2025-05-12 23:04:46.042 INFO  [http-nio-8080-exec-10] b.l.a.service.impl.SongServiceImpl - Finding all songs
2025-05-12 23:05:26.145 INFO  [http-nio-8080-exec-1] b.l.a.service.impl.SongServiceImpl - Finding all songs
2025-05-12 23:05:26.165 INFO  [http-nio-8080-exec-3] b.l.a.service.impl.SongServiceImpl - Finding all songs
2025-05-12 23:05:26.280 INFO  [http-nio-8080-exec-5] b.l.a.service.impl.SongServiceImpl - Finding all songs
2025-05-12 23:05:26.291 INFO  [http-nio-8080-exec-4] b.l.a.service.impl.SongServiceImpl - Finding all songs
2025-05-12 23:05:27.114 INFO  [http-nio-8080-exec-2] b.l.a.service.impl.SongServiceImpl - Finding all songs
2025-05-12 23:05:27.122 INFO  [http-nio-8080-exec-6] b.l.a.service.impl.SongServiceImpl - Finding all songs
2025-05-12 23:05:28.173 INFO  [http-nio-8080-exec-7] b.l.a.service.impl.SongServiceImpl - Finding all songs
2025-05-12 23:05:28.416 INFO  [http-nio-8080-exec-8] b.l.a.service.impl.SongServiceImpl - Finding all songs
2025-05-12 23:05:28.608 INFO  [http-nio-8080-exec-9] b.l.a.service.impl.SongServiceImpl - Finding all songs
2025-05-12 23:05:28.619 INFO  [http-nio-8080-exec-10] b.l.a.service.impl.SongServiceImpl - Finding all songs
2025-05-12 23:05:28.981 INFO  [http-nio-8080-exec-1] b.l.a.service.impl.SongServiceImpl - Finding all songs
2025-05-12 23:05:28.993 INFO  [http-nio-8080-exec-3] b.l.a.service.impl.SongServiceImpl - Finding all songs
2025-05-12 23:06:00.061 INFO  [http-nio-8080-exec-5] b.l.a.service.impl.SongServiceImpl - Finding all songs
2025-05-12 23:06:00.071 INFO  [http-nio-8080-exec-4] b.l.a.service.impl.SongServiceImpl - Finding all songs
2025-05-12 23:06:00.392 INFO  [http-nio-8080-exec-2] b.l.a.service.impl.SongServiceImpl - Finding all songs
2025-05-12 23:06:00.402 INFO  [http-nio-8080-exec-6] b.l.a.service.impl.SongServiceImpl - Finding all songs
2025-05-12 23:06:46.623 INFO  [http-nio-8080-exec-7] b.l.a.service.impl.SongServiceImpl - Finding all songs
2025-05-12 23:06:46.632 INFO  [http-nio-8080-exec-8] b.l.a.service.impl.SongServiceImpl - Finding all songs
2025-05-12 23:06:47.237 INFO  [http-nio-8080-exec-9] b.l.a.service.impl.SongServiceImpl - Finding all songs
2025-05-12 23:06:47.245 INFO  [http-nio-8080-exec-10] b.l.a.service.impl.SongServiceImpl - Finding all songs
2025-05-12 23:06:47.704 INFO  [http-nio-8080-exec-1] b.l.a.service.impl.SongServiceImpl - Finding all songs
2025-05-12 23:06:47.954 INFO  [http-nio-8080-exec-3] b.l.a.service.impl.SongServiceImpl - Finding all songs
2025-05-12 23:06:51.431 INFO  [http-nio-8080-exec-5] b.l.a.service.impl.SongServiceImpl - Finding all songs
2025-05-12 23:06:51.442 INFO  [http-nio-8080-exec-4] b.l.a.service.impl.SongServiceImpl - Finding all songs
2025-05-12 23:06:51.807 INFO  [http-nio-8080-exec-2] b.l.a.service.impl.SongServiceImpl - Finding all songs
2025-05-12 23:06:51.815 INFO  [http-nio-8080-exec-6] b.l.a.service.impl.SongServiceImpl - Finding all songs
2025-05-12 23:10:20.191 INFO  [http-nio-8080-exec-7] b.l.a.service.impl.SongServiceImpl - Finding all songs
2025-05-12 23:10:20.205 INFO  [http-nio-8080-exec-8] b.l.a.service.impl.SongServiceImpl - Finding all songs
2025-05-12 23:10:20.319 INFO  [http-nio-8080-exec-9] b.l.a.service.impl.SongServiceImpl - Finding all songs
2025-05-12 23:10:20.333 INFO  [http-nio-8080-exec-10] b.l.a.service.impl.SongServiceImpl - Finding all songs
2025-05-12 23:10:53.478 INFO  [http-nio-8080-exec-1] b.l.a.service.impl.SongServiceImpl - Finding all songs
2025-05-12 23:10:53.800 INFO  [http-nio-8080-exec-3] b.l.a.service.impl.SongServiceImpl - Finding all songs
2025-05-12 23:10:54.333 INFO  [http-nio-8080-exec-5] b.l.a.service.impl.SongServiceImpl - Finding all songs
2025-05-12 23:10:54.655 INFO  [http-nio-8080-exec-4] b.l.a.service.impl.SongServiceImpl - Finding all songs
2025-05-12 23:10:55.099 INFO  [http-nio-8080-exec-2] b.l.a.service.impl.SongServiceImpl - Finding all songs
2025-05-12 23:10:55.231 INFO  [http-nio-8080-exec-6] b.l.a.service.impl.SongServiceImpl - Finding all songs
2025-05-12 23:11:14.574 INFO  [http-nio-8080-exec-7] b.l.a.service.impl.SongServiceImpl - Finding all songs
2025-05-12 23:11:14.705 INFO  [http-nio-8080-exec-8] b.l.a.service.impl.SongServiceImpl - Finding all songs
2025-05-12 23:12:02.984 INFO  [http-nio-8080-exec-9] b.l.a.service.impl.SongServiceImpl - Finding all songs
2025-05-12 23:12:02.996 INFO  [http-nio-8080-exec-10] b.l.a.service.impl.SongServiceImpl - Finding all songs
2025-05-12 23:12:03.704 INFO  [http-nio-8080-exec-1] b.l.a.service.impl.SongServiceImpl - Finding all songs
2025-05-12 23:12:03.866 INFO  [http-nio-8080-exec-3] b.l.a.service.impl.SongServiceImpl - Finding all songs
2025-05-12 23:12:09.221 INFO  [http-nio-8080-exec-5] b.l.a.service.impl.SongServiceImpl - Finding all songs
2025-05-12 23:12:09.234 INFO  [http-nio-8080-exec-4] b.l.a.service.impl.SongServiceImpl - Finding all songs
2025-05-12 23:12:14.775 INFO  [http-nio-8080-exec-2] b.l.a.service.impl.SongServiceImpl - Finding all songs
2025-05-12 23:12:14.892 INFO  [http-nio-8080-exec-6] b.l.a.service.impl.SongServiceImpl - Finding all songs
2025-05-12 23:12:15.262 INFO  [http-nio-8080-exec-7] b.l.a.service.impl.SongServiceImpl - Finding all songs
2025-05-12 23:12:15.481 INFO  [http-nio-8080-exec-8] b.l.a.service.impl.SongServiceImpl - Finding all songs
2025-05-12 23:12:19.204 INFO  [http-nio-8080-exec-9] b.l.a.service.impl.SongServiceImpl - Finding all songs
2025-05-12 23:12:19.222 INFO  [http-nio-8080-exec-10] b.l.a.service.impl.SongServiceImpl - Finding all songs
2025-05-12 23:12:32.201 INFO  [http-nio-8080-exec-1] b.l.a.service.impl.SongServiceImpl - Finding all songs
2025-05-12 23:12:32.210 INFO  [http-nio-8080-exec-3] b.l.a.service.impl.SongServiceImpl - Finding all songs
2025-05-12 23:13:25.120 INFO  [http-nio-8080-exec-5] b.l.a.service.impl.SongServiceImpl - Finding all songs
2025-05-12 23:13:25.237 INFO  [http-nio-8080-exec-4] b.l.a.service.impl.SongServiceImpl - Finding all songs
2025-05-12 23:13:25.664 INFO  [http-nio-8080-exec-2] b.l.a.service.impl.SongServiceImpl - Finding all songs
2025-05-12 23:13:25.672 INFO  [http-nio-8080-exec-6] b.l.a.service.impl.SongServiceImpl - Finding all songs
2025-05-12 23:13:39.924 INFO  [http-nio-8080-exec-7] b.l.a.service.impl.SongServiceImpl - Finding all songs
2025-05-12 23:13:40.254 INFO  [http-nio-8080-exec-8] b.l.a.service.impl.SongServiceImpl - Finding all songs
2025-05-12 23:13:40.335 INFO  [http-nio-8080-exec-9] b.l.a.service.impl.SongServiceImpl - Finding all songs
2025-05-12 23:13:40.439 INFO  [http-nio-8080-exec-10] b.l.a.service.impl.SongServiceImpl - Finding all songs
2025-05-12 23:17:49.075 INFO  [http-nio-8080-exec-1] b.l.a.service.impl.SongServiceImpl - Finding all songs
2025-05-12 23:17:49.095 INFO  [http-nio-8080-exec-3] b.l.a.service.impl.SongServiceImpl - Finding all songs
2025-05-12 23:17:49.193 INFO  [http-nio-8080-exec-5] b.l.a.service.impl.SongServiceImpl - Finding all songs
2025-05-12 23:17:49.202 INFO  [http-nio-8080-exec-4] b.l.a.service.impl.SongServiceImpl - Finding all songs
2025-05-12 23:17:52.154 INFO  [http-nio-8080-exec-2] b.l.a.service.impl.SongServiceImpl - Finding all songs
2025-05-12 23:17:52.165 INFO  [http-nio-8080-exec-6] b.l.a.service.impl.SongServiceImpl - Finding all songs
2025-05-12 23:17:52.220 INFO  [http-nio-8080-exec-7] b.l.a.service.impl.SongServiceImpl - Finding all songs
2025-05-12 23:17:52.236 INFO  [http-nio-8080-exec-8] b.l.a.service.impl.SongServiceImpl - Finding all songs
2025-05-12 23:18:02.629 INFO  [http-nio-8080-exec-9] b.l.a.service.impl.SongServiceImpl - Finding all songs
2025-05-12 23:18:02.647 INFO  [http-nio-8080-exec-10] b.l.a.service.impl.SongServiceImpl - Finding all songs
2025-05-12 23:18:02.695 INFO  [http-nio-8080-exec-1] b.l.a.service.impl.SongServiceImpl - Finding all songs
2025-05-12 23:18:02.707 INFO  [http-nio-8080-exec-3] b.l.a.service.impl.SongServiceImpl - Finding all songs
2025-05-12 23:18:13.502 INFO  [http-nio-8080-exec-5] b.l.a.service.impl.SongServiceImpl - Finding all songs
2025-05-12 23:18:13.561 INFO  [http-nio-8080-exec-4] b.l.a.service.impl.SongServiceImpl - Finding all songs
2025-05-12 23:18:13.808 INFO  [http-nio-8080-exec-2] b.l.a.service.impl.SongServiceImpl - Finding all songs
2025-05-12 23:18:13.815 INFO  [http-nio-8080-exec-6] b.l.a.service.impl.SongServiceImpl - Finding all songs
2025-05-12 23:18:17.028 INFO  [http-nio-8080-exec-7] b.l.a.service.impl.SongServiceImpl - Finding all songs
2025-05-12 23:18:17.042 INFO  [http-nio-8080-exec-8] b.l.a.service.impl.SongServiceImpl - Finding all songs
2025-05-12 23:18:17.140 INFO  [http-nio-8080-exec-9] b.l.a.service.impl.SongServiceImpl - Finding all songs
2025-05-12 23:18:17.152 INFO  [http-nio-8080-exec-10] b.l.a.service.impl.SongServiceImpl - Finding all songs
2025-05-12 23:20:02.713 INFO  [http-nio-8080-exec-1] b.l.a.service.impl.SongServiceImpl - Finding all songs
2025-05-12 23:20:02.834 INFO  [http-nio-8080-exec-3] b.l.a.service.impl.SongServiceImpl - Finding all songs
2025-05-12 23:22:42.295 INFO  [http-nio-8080-exec-5] b.l.a.service.impl.SongServiceImpl - Finding all songs
2025-05-12 23:22:42.305 WARN  [http-nio-8080-exec-5] o.h.e.jdbc.spi.SqlExceptionHelper - SQL Warning Code: 0, SQLState: 01000
2025-05-12 23:22:42.305 WARN  [http-nio-8080-exec-5] o.h.e.jdbc.spi.SqlExceptionHelper - несовпадение версии для правила сортировки в базе данных "audio"
2025-05-12 23:22:42.424 INFO  [http-nio-8080-exec-4] b.l.a.service.impl.SongServiceImpl - Finding all songs
2025-05-12 23:23:02.061 INFO  [http-nio-8080-exec-2] b.l.a.service.impl.SongServiceImpl - Finding all songs
2025-05-12 23:23:02.071 INFO  [http-nio-8080-exec-6] b.l.a.service.impl.SongServiceImpl - Finding all songs
2025-05-12 23:29:25.515 INFO  [http-nio-8080-exec-8] b.l.a.service.impl.SongServiceImpl - Finding all songs
2025-05-12 23:29:25.526 WARN  [http-nio-8080-exec-8] o.h.e.jdbc.spi.SqlExceptionHelper - SQL Warning Code: 0, SQLState: 01000
2025-05-12 23:29:25.526 WARN  [http-nio-8080-exec-8] o.h.e.jdbc.spi.SqlExceptionHelper - несовпадение версии для правила сортировки в базе данных "audio"
2025-05-12 23:29:25.531 INFO  [http-nio-8080-exec-9] b.l.a.service.impl.SongServiceImpl - Finding all songs
2025-05-12 23:29:36.384 INFO  [http-nio-8080-exec-3] b.l.a.service.impl.SongServiceImpl - Finding all songs
2025-05-12 23:29:36.503 INFO  [http-nio-8080-exec-5] b.l.a.service.impl.SongServiceImpl - Finding all songs
2025-05-12 23:30:01.375 INFO  [http-nio-8080-exec-6] b.l.a.service.impl.SongServiceImpl - Finding all songs
2025-05-12 23:30:01.385 INFO  [http-nio-8080-exec-7] b.l.a.service.impl.SongServiceImpl - Finding all songs
2025-05-12 23:30:11.268 INFO  [http-nio-8080-exec-10] b.l.a.service.impl.SongServiceImpl - Finding all songs
2025-05-12 23:30:11.398 INFO  [http-nio-8080-exec-1] b.l.a.service.impl.SongServiceImpl - Finding all songs
2025-05-12 23:30:16.740 INFO  [http-nio-8080-exec-4] b.l.a.service.impl.SongServiceImpl - Finding all songs
2025-05-12 23:30:16.871 INFO  [http-nio-8080-exec-2] b.l.a.service.impl.SongServiceImpl - Finding all songs
2025-05-12 23:41:48.361 INFO  [http-nio-8080-exec-7] b.l.a.service.impl.SongServiceImpl - Finding all songs
2025-05-12 23:41:48.372 INFO  [http-nio-8080-exec-8] b.l.a.service.impl.SongServiceImpl - Finding all songs
2025-05-12 23:46:47.865 INFO  [http-nio-8080-exec-9] b.l.a.service.impl.SongServiceImpl - Finding all songs
2025-05-12 23:46:47.930 INFO  [http-nio-8080-exec-10] b.l.a.service.impl.SongServiceImpl - Finding all songs
2025-05-12 23:49:48.493 INFO  [http-nio-8080-exec-1] b.l.a.service.impl.SongServiceImpl - Finding all songs
2025-05-12 23:49:48.501 INFO  [http-nio-8080-exec-3] b.l.a.service.impl.SongServiceImpl - Finding all songs
